Using pre-set license
Built from '2020.3/staging' branch; Version is '2020.3.24f1 (79c78de19888) revision 7980941'; Using compiler version '192528614'; Build Type 'Release'
OS: 'Windows 10  (10.0.19044) 64bit Core' Language: 'sr' Physical Memory: 8147 MB
BatchMode: 1, IsHumanControllingUs: 0, StartBugReporterOnCrash: 0, Is64bit: 1, IsPro: 0

COMMAND LINE ARGUMENTS:
C:\Program Files\Unity\Hub\Editor\2020.3.24f1\Editor\Unity.exe
-adb2
-batchMode
-noUpm
-name
AssetImportWorker1
-projectPath
C:/Users/goran/ItMayBecomeSomething
-logFile
Logs/AssetImportWorker1.log
-srvPort
61048
Successfully changed project path to: C:/Users/goran/ItMayBecomeSomething
C:/Users/goran/ItMayBecomeSomething
Using Asset Import Pipeline V2.
Refreshing native plugins compatible for Editor in 51.23 ms, found 2 plugins.
Preloading 0 native plugins for Editor in 0.00 ms.
Initialize engine version: 2020.3.24f1 (79c78de19888)
[Subsystems] Discovering subsystems at path C:/Program Files/Unity/Hub/Editor/2020.3.24f1/Editor/Data/Resources/UnitySubsystems
[Subsystems] Discovering subsystems at path C:/Users/goran/ItMayBecomeSomething/Assets
GfxDevice: creating device client; threaded=0
Direct3D:
    Version:  Direct3D 11.0 [level 11.1]
    Renderer: NVIDIA GeForce GTX 1650 (ID=0x1f0a)
    Vendor:   
    VRAM:     3961 MB
    Driver:   30.0.14.9729
Shader 'Custom/AdditiveTintable': fallback shader 'Particles/Additive (Soft)' not found
Initialize mono
Mono path[0] = 'C:/Program Files/Unity/Hub/Editor/2020.3.24f1/Editor/Data/Managed'
Mono path[1] = 'C:/Program Files/Unity/Hub/Editor/2020.3.24f1/Editor/Data/MonoBleedingEdge/lib/mono/unityjit'
Mono config path = 'C:/Program Files/Unity/Hub/Editor/2020.3.24f1/Editor/Data/MonoBleedingEdge/etc'
Using monoOptions --debugger-agent=transport=dt_socket,embedding=1,server=y,suspend=n,address=127.0.0.1:56796
Begin MonoManager ReloadAssembly
Registering precompiled unity dll's ...
Register platform support module: C:/Program Files/Unity/Hub/Editor/2020.3.24f1/Editor/Data/PlaybackEngines/WindowsStandaloneSupport/UnityEditor.WindowsStandalone.Extensions.dll
Registered in 0.002515 seconds.
Native extension for WindowsStandalone target not found
Refreshing native plugins compatible for Editor in 43.83 ms, found 2 plugins.
Preloading 0 native plugins for Editor in 0.00 ms.
Mono: successfully reloaded assembly
- Completed reload, in  0.764 seconds
Domain Reload Profiling:
	ReloadAssembly (764ms)
		BeginReloadAssembly (72ms)
			ExecutionOrderSort (0ms)
			DisableScriptedObjects (0ms)
			BackupInstance (0ms)
			ReleaseScriptingObjects (0ms)
			CreateAndSetChildDomain (1ms)
		EndReloadAssembly (598ms)
			LoadAssemblies (70ms)
			RebuildTransferFunctionScriptingTraits (0ms)
			SetupTypeCache (203ms)
			ReleaseScriptCaches (0ms)
			RebuildScriptCaches (45ms)
			SetupLoadedEditorAssemblies (223ms)
				LogAssemblyErrors (0ms)
				InitializePlatformSupportModulesInManaged (7ms)
				SetLoadedEditorAssemblies (0ms)
				RefreshPlugins (44ms)
				BeforeProcessingInitializeOnLoad (20ms)
				ProcessInitializeOnLoadAttributes (111ms)
				ProcessInitializeOnLoadMethodAttributes (41ms)
				AfterProcessingInitializeOnLoad (0ms)
				EditorAssembliesLoaded (0ms)
			ExecutionOrderSort2 (0ms)
			AwakeInstancesAfterBackupRestoration (0ms)
Platform modules already initialized, skipping
Registering precompiled user dll's ...
Registered in 0.010412 seconds.
Begin MonoManager ReloadAssembly
Native extension for WindowsStandalone target not found
Refreshing native plugins compatible for Editor in 0.51 ms, found 2 plugins.
Preloading 0 native plugins for Editor in 0.00 ms.
Mono: successfully reloaded assembly
- Completed reload, in  1.465 seconds
Domain Reload Profiling:
	ReloadAssembly (1466ms)
		BeginReloadAssembly (174ms)
			ExecutionOrderSort (0ms)
			DisableScriptedObjects (6ms)
			BackupInstance (0ms)
			ReleaseScriptingObjects (0ms)
			CreateAndSetChildDomain (23ms)
		EndReloadAssembly (1213ms)
			LoadAssemblies (108ms)
			RebuildTransferFunctionScriptingTraits (0ms)
			SetupTypeCache (376ms)
			ReleaseScriptCaches (0ms)
			RebuildScriptCaches (73ms)
			SetupLoadedEditorAssemblies (532ms)
				LogAssemblyErrors (0ms)
				InitializePlatformSupportModulesInManaged (6ms)
				SetLoadedEditorAssemblies (1ms)
				RefreshPlugins (1ms)
				BeforeProcessingInitializeOnLoad (135ms)
				ProcessInitializeOnLoadAttributes (368ms)
				ProcessInitializeOnLoadMethodAttributes (12ms)
				AfterProcessingInitializeOnLoad (8ms)
				EditorAssembliesLoaded (1ms)
			ExecutionOrderSort2 (0ms)
			AwakeInstancesAfterBackupRestoration (8ms)
Platform modules already initialized, skipping
========================================================================
Worker process is ready to serve import requests
Shader 'Custom/AdditiveTintable': fallback shader 'Particles/Additive (Soft)' not found
Launched and connected shader compiler UnityShaderCompiler.exe after 0.10 seconds
Refreshing native plugins compatible for Editor in 0.67 ms, found 2 plugins.
Preloading 0 native plugins for Editor in 0.00 ms.
Unloading 1674 Unused Serialized files (Serialized files now loaded: 0)
System memory in use before: 90.0 MB.
System memory in use after: 90.1 MB.

Unloading 20 unused Assets to reduce memory usage. Loaded Objects now: 2132.
Total: 4.305000 ms (FindLiveObjects: 0.195400 ms CreateObjectMapping: 0.146700 ms MarkObjects: 3.846400 ms  DeleteObjects: 0.115200 ms)

AssetImportParameters requested are different than current active one (requested -> active):
  custom:framework-win-MediaFoundation: 216162199b28c13a410421893ffa2e32 -> 
  custom:video-decoder-ogg-theora: a1e56fd34408186e4bbccfd4996cb3dc -> 
  custom:container-muxer-webm: aa71ff27fc2769a1b78a27578f13a17b -> 
  custom:container-demuxer-webm: 4f35f7cbe854078d1ac9338744f61a02 -> 
  custom:container-demuxer-ogg: 62fdf1f143b41e24485cea50d1cbac27 -> 
  custom:video-encoder-webm-vp8: eb34c28f22e8b96e1ab97ce403110664 -> 
  custom:video-decoder-webm-vp8: 9c59270c3fd7afecdb556c50c9e8de78 -> 
  custom:audio-decoder-ogg-vorbis: bf7c407c2cedff20999df2af8eb42d56 -> 
  custom:audio-encoder-webm-vorbis: bf7c407c2cedff20999df2af8eb42d56 -> 
========================================================================
Received Import Request.
  path: Assets/TerrainLayers/NewLayer 1.terrainlayer
  artifactKey: Guid(5129f71b38e9ba247bad42edfcad329e) Importer(815301076,1909f56bfc062723c751e8b465ee728b)
Start importing Assets/TerrainLayers/NewLayer 1.terrainlayer using Guid(5129f71b38e9ba247bad42edfcad329e) Importer(815301076,1909f56bfc062723c751e8b465ee728b)  -> (artifact id: '5b2f9dabce953e470d04b7b72c43ff94') in 0.124780 seconds 
  Import took 0.127881 seconds .

========================================================================
Received Import Request.
  Time since last request: 0.000258 seconds.
  path: Assets/ADG_Textures/ground_vol1/ground1/ground1_Normal.tga
  artifactKey: Guid(aeff12fbe9fe2384bae4d1b436607b55) Importer(815301076,1909f56bfc062723c751e8b465ee728b)
Start importing Assets/ADG_Textures/ground_vol1/ground1/ground1_Normal.tga using Guid(aeff12fbe9fe2384bae4d1b436607b55) Importer(815301076,1909f56bfc062723c751e8b465ee728b)  -> (artifact id: '42b3ab5b34772a32145d7ef9c8cb1c78') in 0.048711 seconds 
  Import took 0.052998 seconds .

========================================================================
Received Import Request.
  Time since last request: 0.000256 seconds.
  path: Assets/ADG_Textures/ground_vol1/ground6/ground6_Normal.tga
  artifactKey: Guid(7fa0035d52e52164dbe94df41517b0b7) Importer(815301076,1909f56bfc062723c751e8b465ee728b)
Start importing Assets/ADG_Textures/ground_vol1/ground6/ground6_Normal.tga using Guid(7fa0035d52e52164dbe94df41517b0b7) Importer(815301076,1909f56bfc062723c751e8b465ee728b)  -> (artifact id: '10bcd447b556893f215b83e88af2f074') in 0.025899 seconds 
  Import took 0.029076 seconds .

========================================================================
Received Import Request.
  Time since last request: 0.000247 seconds.
  path: Assets/TerrainLayers/NewLayer.terrainlayer
  artifactKey: Guid(765d795bd3bac68489783d726b4359f1) Importer(815301076,1909f56bfc062723c751e8b465ee728b)
Start importing Assets/TerrainLayers/NewLayer.terrainlayer using Guid(765d795bd3bac68489783d726b4359f1) Importer(815301076,1909f56bfc062723c751e8b465ee728b)  -> (artifact id: '4527b9464908a6a22e5cb7a9ccd6416d') in 0.023746 seconds 
  Import took 0.026820 seconds .

========================================================================
Received Import Request.
  Time since last request: 0.000210 seconds.
  path: Assets/ADG_Textures/ground_vol1/ground1/ground1_Metallic.tga
  artifactKey: Guid(33d10529b8ef9af47a3d97a1c7419649) Importer(815301076,1909f56bfc062723c751e8b465ee728b)
Start importing Assets/ADG_Textures/ground_vol1/ground1/ground1_Metallic.tga using Guid(33d10529b8ef9af47a3d97a1c7419649) Importer(815301076,1909f56bfc062723c751e8b465ee728b)  -> (artifact id: 'ed89370493f1ab6b2ae8047786a9fe73') in 0.014130 seconds 
  Import took 0.016921 seconds .

========================================================================
Received Import Request.
  Time since last request: 10.992619 seconds.
  path: Assets/TerrainLayers/NewLayer 3.terrainlayer
  artifactKey: Guid(d65d4eca35a96164e95579c5e447b138) Importer(815301076,1909f56bfc062723c751e8b465ee728b)
Start importing Assets/TerrainLayers/NewLayer 3.terrainlayer using Guid(d65d4eca35a96164e95579c5e447b138) Importer(815301076,1909f56bfc062723c751e8b465ee728b)  -> (artifact id: '5a2f3d52dc1526c1b82241fe936afc7f') in 0.031371 seconds 
  Import took 0.036303 seconds .

========================================================================
Received Import Request.
  Time since last request: 0.000313 seconds.
  path: Assets/ADG_Textures/ground_vol1/ground3/ground3_Normal.tga
  artifactKey: Guid(c138e91626b4607499e005102913a875) Importer(815301076,1909f56bfc062723c751e8b465ee728b)
Start importing Assets/ADG_Textures/ground_vol1/ground3/ground3_Normal.tga using Guid(c138e91626b4607499e005102913a875) Importer(815301076,1909f56bfc062723c751e8b465ee728b)  -> (artifact id: '652593519bc6fe7836c024b1829f2901') in 0.024178 seconds 
  Import took 0.027396 seconds .

========================================================================
Received Import Request.
  Time since last request: 3.753880 seconds.
  path: Assets/ADG_Textures/ground_vol1/ground2/ground2_Normal.tga
  artifactKey: Guid(f3b2a952874cda74583658ed78a08ef2) Importer(815301076,1909f56bfc062723c751e8b465ee728b)
Start importing Assets/ADG_Textures/ground_vol1/ground2/ground2_Normal.tga using Guid(f3b2a952874cda74583658ed78a08ef2) Importer(815301076,1909f56bfc062723c751e8b465ee728b)  -> (artifact id: 'b45fe0ba48c1d859f6c788b30bc769d6') in 0.023848 seconds 
  Import took 0.027696 seconds .

========================================================================
Received Import Request.
  Time since last request: 15.292540 seconds.
  path: Assets/UnityAssets/FourEvilDragonsHP/Texture/DragonNightmare/AlbinoHP.png
  artifactKey: Guid(567379e57808cd747b2f0e08790e0d76) Importer(815301076,1909f56bfc062723c751e8b465ee728b)
Start importing Assets/UnityAssets/FourEvilDragonsHP/Texture/DragonNightmare/AlbinoHP.png using Guid(567379e57808cd747b2f0e08790e0d76) Importer(815301076,1909f56bfc062723c751e8b465ee728b)  -> (artifact id: '2743a93a92bb0dcfe9e7442e693523e4') in 0.111035 seconds 
  Import took 0.114668 seconds .

========================================================================
Received Import Request.
  Time since last request: 0.000300 seconds.
  path: Assets/UnityAssets/PyroParticles/Prefab/Textures/FireParticleFireballSheetTexture.png
  artifactKey: Guid(87be4190eae46cf459ae6177b8698f03) Importer(815301076,1909f56bfc062723c751e8b465ee728b)
Start importing Assets/UnityAssets/PyroParticles/Prefab/Textures/FireParticleFireballSheetTexture.png using Guid(87be4190eae46cf459ae6177b8698f03) Importer(815301076,1909f56bfc062723c751e8b465ee728b)  -> (artifact id: '7faf7eb264db1e7f10014a19b8af21c8') in 0.040976 seconds 
  Import took 0.045253 seconds .

========================================================================
Received Import Request.
  Time since last request: 0.000219 seconds.
  path: Assets/UnityAssets/FourEvilDragonsHP/Texture/DragonTerrorBringer/BlueHP.png
  artifactKey: Guid(2f825827868c75a4fa366c81b5d8b977) Importer(815301076,1909f56bfc062723c751e8b465ee728b)
Start importing Assets/UnityAssets/FourEvilDragonsHP/Texture/DragonTerrorBringer/BlueHP.png using Guid(2f825827868c75a4fa366c81b5d8b977) Importer(815301076,1909f56bfc062723c751e8b465ee728b)  -> (artifact id: '64237f2e3b79c1faae9d93aa7b5ed538') in 0.038602 seconds 
  Import took 0.043186 seconds .

========================================================================
Received Import Request.
  Time since last request: 0.000241 seconds.
  path: Assets/UnityAssets/PyroParticles/Prefab/Textures/FireParticleFlareTexture.png
  artifactKey: Guid(76b24fa8a46a2c14f9a7df1e975dc4b9) Importer(815301076,1909f56bfc062723c751e8b465ee728b)
Start importing Assets/UnityAssets/PyroParticles/Prefab/Textures/FireParticleFlareTexture.png using Guid(76b24fa8a46a2c14f9a7df1e975dc4b9) Importer(815301076,1909f56bfc062723c751e8b465ee728b)  -> (artifact id: '7f42d68d4d080194c4bab1220d102473') in 0.026180 seconds 
  Import took 0.029234 seconds .

========================================================================
Received Import Request.
  Time since last request: 0.000163 seconds.
  path: Assets/UnityAssets/PyroParticles/Prefab/Textures/FireParticleFlameLickSheetTexture.png
  artifactKey: Guid(3587b30505d00a44c87d9c3b9d8bc35c) Importer(815301076,1909f56bfc062723c751e8b465ee728b)
Start importing Assets/UnityAssets/PyroParticles/Prefab/Textures/FireParticleFlameLickSheetTexture.png using Guid(3587b30505d00a44c87d9c3b9d8bc35c) Importer(815301076,1909f56bfc062723c751e8b465ee728b)  -> (artifact id: '35f5c197f4807d2efa5c2ce73d40b18d') in 0.023218 seconds 
  Import took 0.026141 seconds .

========================================================================
Received Import Request.
  Time since last request: 0.000189 seconds.
  path: Assets/UnityAssets/PyroParticles/Prefab/Textures/FireParticleFlameSheetTexture.png
  artifactKey: Guid(4e505ad81f5b19c4cb6f445d36463955) Importer(815301076,1909f56bfc062723c751e8b465ee728b)
Start importing Assets/UnityAssets/PyroParticles/Prefab/Textures/FireParticleFlameSheetTexture.png using Guid(4e505ad81f5b19c4cb6f445d36463955) Importer(815301076,1909f56bfc062723c751e8b465ee728b)  -> (artifact id: '210221788e3ab4d33554aa1f8e5a5abc') in 0.023382 seconds 
  Import took 0.027468 seconds .

========================================================================
Received Import Request.
  Time since last request: 0.000199 seconds.
  path: Assets/UnityAssets/PyroParticles/Prefab/Textures/FireParticleGlowTexture.png
  artifactKey: Guid(c3d66a8056f9db345b1ea380aa7e815d) Importer(815301076,1909f56bfc062723c751e8b465ee728b)
Start importing Assets/UnityAssets/PyroParticles/Prefab/Textures/FireParticleGlowTexture.png using Guid(c3d66a8056f9db345b1ea380aa7e815d) Importer(815301076,1909f56bfc062723c751e8b465ee728b)  -> (artifact id: 'c4e4f2adccaf2b29e6e7fe0709324910') in 0.029680 seconds 
  Import took 0.032789 seconds .

========================================================================
Received Import Request.
  Time since last request: 0.000192 seconds.
  path: Assets/UnityAssets/PyroParticles/Prefab/Textures/FireParticleMeteorSquare3Texture.jpg
  artifactKey: Guid(df67249c6b5af0e458bba9ec5774c765) Importer(815301076,1909f56bfc062723c751e8b465ee728b)
Start importing Assets/UnityAssets/PyroParticles/Prefab/Textures/FireParticleMeteorSquare3Texture.jpg using Guid(df67249c6b5af0e458bba9ec5774c765) Importer(815301076,1909f56bfc062723c751e8b465ee728b)  -> (artifact id: '0e4e82478c545efc1e830492b2a8444b') in 0.028595 seconds 
  Import took 0.032437 seconds .

========================================================================
Received Import Request.
  Time since last request: 0.000201 seconds.
  path: Assets/UnityAssets/PyroParticles/Prefab/Textures/FireParticleCloudWhite.png
  artifactKey: Guid(5b303ff28ad9368468a2edd759cf458d) Importer(815301076,1909f56bfc062723c751e8b465ee728b)
Start importing Assets/UnityAssets/PyroParticles/Prefab/Textures/FireParticleCloudWhite.png using Guid(5b303ff28ad9368468a2edd759cf458d) Importer(815301076,1909f56bfc062723c751e8b465ee728b)  -> (artifact id: '229d17125c4c8a57dc581e0bf24e8c12') in 0.030295 seconds 
  Import took 0.033677 seconds .

========================================================================
Received Import Request.
  Time since last request: 0.000205 seconds.
  path: Assets/UnityAssets/FourEvilDragonsHP/Texture/DragonNightmare/DarkblueHP.png
  artifactKey: Guid(83df07905e20b824d8be5a7ce7876c00) Importer(815301076,1909f56bfc062723c751e8b465ee728b)
Start importing Assets/UnityAssets/FourEvilDragonsHP/Texture/DragonNightmare/DarkblueHP.png using Guid(83df07905e20b824d8be5a7ce7876c00) Importer(815301076,1909f56bfc062723c751e8b465ee728b)  -> (artifact id: '62448694899eded291947a68850a3380') in 0.029360 seconds 
  Import took 0.034894 seconds .

========================================================================
Received Import Request.
  Time since last request: 0.000263 seconds.
  path: Assets/UnityAssets/PyroParticles/Prefab/Textures/FireParticleMeteorSquare2TextureMap.jpg
  artifactKey: Guid(18be13f7940e89b48a752726d91f5ab1) Importer(815301076,1909f56bfc062723c751e8b465ee728b)
Start importing Assets/UnityAssets/PyroParticles/Prefab/Textures/FireParticleMeteorSquare2TextureMap.jpg using Guid(18be13f7940e89b48a752726d91f5ab1) Importer(815301076,1909f56bfc062723c751e8b465ee728b)  -> (artifact id: '528b658afd762e7f2b38539ab9d6e0e6') in 0.030269 seconds 
  Import took 0.033113 seconds .

========================================================================
Received Import Request.
  Time since last request: 0.000200 seconds.
  path: Assets/UnityAssets/FourEvilDragonsHP/Texture/DragonNightmare/BlueHP.png
  artifactKey: Guid(7bc2111318adeb14684c06f70d594a45) Importer(815301076,1909f56bfc062723c751e8b465ee728b)
Start importing Assets/UnityAssets/FourEvilDragonsHP/Texture/DragonNightmare/BlueHP.png using Guid(7bc2111318adeb14684c06f70d594a45) Importer(815301076,1909f56bfc062723c751e8b465ee728b)  -> (artifact id: '3b2fdcaaafe89baf38405a84b4ae2312') in 0.033980 seconds 
  Import took 0.037938 seconds .

========================================================================
Received Import Request.
  Time since last request: 0.000258 seconds.
  path: Assets/UnityAssets/PyroParticles/Prefab/Textures/FireParticleMeteorSheetTexture.png
  artifactKey: Guid(86eb9764898eef94faa2ee8e4ca0d7b0) Importer(815301076,1909f56bfc062723c751e8b465ee728b)
Start importing Assets/UnityAssets/PyroParticles/Prefab/Textures/FireParticleMeteorSheetTexture.png using Guid(86eb9764898eef94faa2ee8e4ca0d7b0) Importer(815301076,1909f56bfc062723c751e8b465ee728b)  -> (artifact id: '95a4353ebb7cb9b072ad64568fc5a27a') in 0.026575 seconds 
  Import took 0.030628 seconds .

========================================================================
Received Import Request.
  Time since last request: 0.000650 seconds.
  path: Assets/UnityAssets/PyroParticles/Prefab/Textures/FireParticleMeteorSquare2Texture.jpg
  artifactKey: Guid(3e17cde94663e0b47bfd7c35b9ed7eb9) Importer(815301076,1909f56bfc062723c751e8b465ee728b)
Start importing Assets/UnityAssets/PyroParticles/Prefab/Textures/FireParticleMeteorSquare2Texture.jpg using Guid(3e17cde94663e0b47bfd7c35b9ed7eb9) Importer(815301076,1909f56bfc062723c751e8b465ee728b)  -> (artifact id: '56f482883b926911937f827cea11d895') in 0.027683 seconds 
  Import took 0.031133 seconds .

========================================================================
Received Import Request.
  Time since last request: 0.000209 seconds.
  path: Assets/UnityAssets/FourEvilDragonsHP/Texture/DragonUsurper/BlueHP.png
  artifactKey: Guid(bd6a5ac65d3f73a48bdbc2102872fac0) Importer(815301076,1909f56bfc062723c751e8b465ee728b)
Start importing Assets/UnityAssets/FourEvilDragonsHP/Texture/DragonUsurper/BlueHP.png using Guid(bd6a5ac65d3f73a48bdbc2102872fac0) Importer(815301076,1909f56bfc062723c751e8b465ee728b)  -> (artifact id: '311e4b12cde14441cca35bd1ed66375b') in 0.030033 seconds 
  Import took 0.033473 seconds .

========================================================================
Received Import Request.
  Time since last request: 0.000452 seconds.
  path: Assets/AQUAS-Lite/Textures/AQUAS_Foam.jpg
  artifactKey: Guid(6cb123095ca4b4e4680773312ba1c076) Importer(815301076,1909f56bfc062723c751e8b465ee728b)
Start importing Assets/AQUAS-Lite/Textures/AQUAS_Foam.jpg using Guid(6cb123095ca4b4e4680773312ba1c076) Importer(815301076,1909f56bfc062723c751e8b465ee728b)  -> (artifact id: 'f14ce831d6f9a5a8e37321c62e6e80f3') in 0.029451 seconds 
  Import took 0.034379 seconds .

========================================================================
Received Import Request.
  Time since last request: 0.000188 seconds.
  path: Assets/UnityAssets/PyroParticles/Prefab/Textures/FireParticleMeteor2Texture.png
  artifactKey: Guid(5d48ba782166f6a4591cc04a497c92a5) Importer(815301076,1909f56bfc062723c751e8b465ee728b)
Start importing Assets/UnityAssets/PyroParticles/Prefab/Textures/FireParticleMeteor2Texture.png using Guid(5d48ba782166f6a4591cc04a497c92a5) Importer(815301076,1909f56bfc062723c751e8b465ee728b)  -> (artifact id: '320c1697903e624edb2a06cb37ac1be8') in 0.034219 seconds 
  Import took 0.037436 seconds .

========================================================================
Received Import Request.
  Time since last request: 0.000179 seconds.
  path: Assets/UnityAssets/FourEvilDragonsHP/Texture/DragonSoulEater/BlueHP.png
  artifactKey: Guid(11ae2c7ef2ee4f745810a00f1cbbd469) Importer(815301076,1909f56bfc062723c751e8b465ee728b)
Start importing Assets/UnityAssets/FourEvilDragonsHP/Texture/DragonSoulEater/BlueHP.png using Guid(11ae2c7ef2ee4f745810a00f1cbbd469) Importer(815301076,1909f56bfc062723c751e8b465ee728b)  -> (artifact id: 'b0fc870ea9be7c4b0ec074433e9671e0') in 0.026796 seconds 
  Import took 0.030141 seconds .

========================================================================
Received Import Request.
  Time since last request: 0.000235 seconds.
  path: Assets/UnityAssets/PyroParticles/Prefab/Textures/FireParticleMeteor3Texture.png
  artifactKey: Guid(7da0e8e6b90449b4f934a3ec6e0609c0) Importer(815301076,1909f56bfc062723c751e8b465ee728b)
Start importing Assets/UnityAssets/PyroParticles/Prefab/Textures/FireParticleMeteor3Texture.png using Guid(7da0e8e6b90449b4f934a3ec6e0609c0) Importer(815301076,1909f56bfc062723c751e8b465ee728b)  -> (artifact id: '7098357d825a08405d4851568d066342') in 0.025197 seconds 
  Import took 0.028717 seconds .

========================================================================
Received Import Request.
  Time since last request: 0.000316 seconds.
  path: Assets/UnityAssets/PyroParticles/Prefab/Textures/FireParticleCloudBlack.png
  artifactKey: Guid(830884c18cf5e7a4895ee02c2dcd8e12) Importer(815301076,1909f56bfc062723c751e8b465ee728b)
Start importing Assets/UnityAssets/PyroParticles/Prefab/Textures/FireParticleCloudBlack.png using Guid(830884c18cf5e7a4895ee02c2dcd8e12) Importer(815301076,1909f56bfc062723c751e8b465ee728b)  -> (artifact id: '4f050e682780a5db897491971a6c45c2') in 0.021365 seconds 
  Import took 0.024784 seconds .

========================================================================
Received Import Request.
  Time since last request: 0.000208 seconds.
  path: Assets/AQUAS-Lite/Demo/Textures/Cliffs_normal.jpg
  artifactKey: Guid(5e2137d62de0b4846ac0dd23bc393af0) Importer(815301076,1909f56bfc062723c751e8b465ee728b)
Start importing Assets/AQUAS-Lite/Demo/Textures/Cliffs_normal.jpg using Guid(5e2137d62de0b4846ac0dd23bc393af0) Importer(815301076,1909f56bfc062723c751e8b465ee728b)  -> (artifact id: 'b3735e12f6c9085dd38ffd96efe1e0b8') in 0.038165 seconds 
  Import took 0.041277 seconds .

========================================================================
Received Import Request.
  Time since last request: 0.000194 seconds.
  path: Assets/UnityAssets/PyroParticles/Demo/CrateTexture_Normal.tga
  artifactKey: Guid(b3a32eb66816c4e4587d83a2f3bfe424) Importer(815301076,1909f56bfc062723c751e8b465ee728b)
Start importing Assets/UnityAssets/PyroParticles/Demo/CrateTexture_Normal.tga using Guid(b3a32eb66816c4e4587d83a2f3bfe424) Importer(815301076,1909f56bfc062723c751e8b465ee728b)  -> (artifact id: 'a41840bcecbadd81699ff8a538f2e7b9') in 0.027008 seconds 
  Import took 0.030944 seconds .

========================================================================
Received Import Request.
  Time since last request: 0.000217 seconds.
  path: Assets/AQUAS-Lite/Demo/Textures/Cliffs.jpg
  artifactKey: Guid(ea2cf029f996b84418c75102c55065fc) Importer(815301076,1909f56bfc062723c751e8b465ee728b)
Start importing Assets/AQUAS-Lite/Demo/Textures/Cliffs.jpg using Guid(ea2cf029f996b84418c75102c55065fc) Importer(815301076,1909f56bfc062723c751e8b465ee728b)  -> (artifact id: '4c27ed274d3ae0d12cc8623ec2d34f7c') in 0.030833 seconds 
  Import took 0.034410 seconds .

========================================================================
Received Import Request.
  Time since last request: 0.000195 seconds.
  path: Assets/UnityAssets/PyroParticles/Demo/CrateTexture_Diffuse.tga
  artifactKey: Guid(21918c57fca997a49832f8e376158842) Importer(815301076,1909f56bfc062723c751e8b465ee728b)
Start importing Assets/UnityAssets/PyroParticles/Demo/CrateTexture_Diffuse.tga using Guid(21918c57fca997a49832f8e376158842) Importer(815301076,1909f56bfc062723c751e8b465ee728b)  -> (artifact id: '1fda3d19f65de1a5759ac2af27dc8926') in 0.035007 seconds 
  Import took 0.039713 seconds .

========================================================================
Received Import Request.
  Time since last request: 0.112133 seconds.
  path: Assets/UnityAssets/PyroParticles/Prefab/Textures/FireParticleMeteorSquare3TextureMap.jpg
  artifactKey: Guid(af783ca33be7c4b41a28d909b798cfe4) Importer(815301076,1909f56bfc062723c751e8b465ee728b)
Start importing Assets/UnityAssets/PyroParticles/Prefab/Textures/FireParticleMeteorSquare3TextureMap.jpg using Guid(af783ca33be7c4b41a28d909b798cfe4) Importer(815301076,1909f56bfc062723c751e8b465ee728b)  -> (artifact id: '8743043f6fd9de0ccbcf70643e62fc9e') in 0.022063 seconds 
  Import took 0.025776 seconds .

========================================================================
Received Import Request.
  Time since last request: 0.000240 seconds.
  path: Assets/UnityAssets/PyroParticles/Prefab/Textures/FireParticleSparksSheetTexture.png
  artifactKey: Guid(4eac9de9dc646674fa401db81b60e492) Importer(815301076,1909f56bfc062723c751e8b465ee728b)
Start importing Assets/UnityAssets/PyroParticles/Prefab/Textures/FireParticleSparksSheetTexture.png using Guid(4eac9de9dc646674fa401db81b60e492) Importer(815301076,1909f56bfc062723c751e8b465ee728b)  -> (artifact id: '847a18b9351ad543e5e72ea53c4c8cbd') in 0.031725 seconds 
  Import took 0.034963 seconds .

========================================================================
Received Import Request.
  Time since last request: 0.000281 seconds.
  path: Assets/UnityAssets/PyroParticles/Prefab/Textures/FireParticleMeteorSquareTexture.jpg
  artifactKey: Guid(3c4560eb7f31ec9449fbf5d54ec5d700) Importer(815301076,1909f56bfc062723c751e8b465ee728b)
Start importing Assets/UnityAssets/PyroParticles/Prefab/Textures/FireParticleMeteorSquareTexture.jpg using Guid(3c4560eb7f31ec9449fbf5d54ec5d700) Importer(815301076,1909f56bfc062723c751e8b465ee728b)  -> (artifact id: 'c000caa79d3bf00d6e2b98f8c0bfca7b') in 0.035749 seconds 
  Import took 0.039862 seconds .

========================================================================
Received Import Request.
  Time since last request: 0.000187 seconds.
  path: Assets/UnityAssets/PyroParticles/Prefab/Textures/FireParticleSingleTexture.png
  artifactKey: Guid(5a649f53516f8bd4c91bfdca03e86134) Importer(815301076,1909f56bfc062723c751e8b465ee728b)
Start importing Assets/UnityAssets/PyroParticles/Prefab/Textures/FireParticleSingleTexture.png using Guid(5a649f53516f8bd4c91bfdca03e86134) Importer(815301076,1909f56bfc062723c751e8b465ee728b)  -> (artifact id: '3e7e1482dde16cb26be74ada158a5965') in 0.027253 seconds 
  Import took 0.031669 seconds .

========================================================================
Received Import Request.
  Time since last request: 0.000226 seconds.
  path: Assets/UnityAssets/PyroParticles/Prefab/Textures/FireParticleMeteorTexture.png
  artifactKey: Guid(918eb620aae0d0e4d8f87173de5dc8bc) Importer(815301076,1909f56bfc062723c751e8b465ee728b)
Start importing Assets/UnityAssets/PyroParticles/Prefab/Textures/FireParticleMeteorTexture.png using Guid(918eb620aae0d0e4d8f87173de5dc8bc) Importer(815301076,1909f56bfc062723c751e8b465ee728b)  -> (artifact id: '88e4be6c1dfe632f89b0825864b51264') in 0.025920 seconds 
  Import took 0.028923 seconds .

========================================================================
Received Import Request.
  Time since last request: 0.000272 seconds.
  path: Assets/UnityAssets/PyroParticles/Prefab/Textures/FireParticleMeteorSquare4Texture.jpg
  artifactKey: Guid(b5e907d6678f11941857317901b1f385) Importer(815301076,1909f56bfc062723c751e8b465ee728b)
Start importing Assets/UnityAssets/PyroParticles/Prefab/Textures/FireParticleMeteorSquare4Texture.jpg using Guid(b5e907d6678f11941857317901b1f385) Importer(815301076,1909f56bfc062723c751e8b465ee728b)  -> (artifact id: '2eae2428e53d403be04171bd62416c76') in 0.031346 seconds 
  Import took 0.034806 seconds .

========================================================================
Received Import Request.
  Time since last request: 0.000230 seconds.
  path: Assets/UnityAssets/PyroParticles/Prefab/Textures/FireParticleMeteorSquareTextureMap.jpg
  artifactKey: Guid(4be36169ba67970429f3b124b8bb047d) Importer(815301076,1909f56bfc062723c751e8b465ee728b)
Start importing Assets/UnityAssets/PyroParticles/Prefab/Textures/FireParticleMeteorSquareTextureMap.jpg using Guid(4be36169ba67970429f3b124b8bb047d) Importer(815301076,1909f56bfc062723c751e8b465ee728b)  -> (artifact id: '4f3de111e9f02eab27302074c7e06bde') in 0.030076 seconds 
  Import took 0.034490 seconds .

========================================================================
Received Import Request.
  Time since last request: 0.000227 seconds.
  path: Assets/UnityAssets/PyroParticles/Prefab/Textures/FireParticleMeteorSquare4TextureMap.jpg
  artifactKey: Guid(71a140d2ef8bfbf4184bc56b8e2b66d0) Importer(815301076,1909f56bfc062723c751e8b465ee728b)
Start importing Assets/UnityAssets/PyroParticles/Prefab/Textures/FireParticleMeteorSquare4TextureMap.jpg using Guid(71a140d2ef8bfbf4184bc56b8e2b66d0) Importer(815301076,1909f56bfc062723c751e8b465ee728b)  -> (artifact id: 'b112c4afba9adfab2ff949eb5a0183b5') in 0.025375 seconds 
  Import took 0.029319 seconds .

========================================================================
Received Import Request.
  Time since last request: 0.156336 seconds.
  path: Assets/UnityAssets/PyroParticles/Prefab/Textures/FireParticleSparkTexture.png
  artifactKey: Guid(269490de66e33a34dad45a50e3d4c168) Importer(815301076,1909f56bfc062723c751e8b465ee728b)
Start importing Assets/UnityAssets/PyroParticles/Prefab/Textures/FireParticleSparkTexture.png using Guid(269490de66e33a34dad45a50e3d4c168) Importer(815301076,1909f56bfc062723c751e8b465ee728b)  -> (artifact id: 'd8c13a434ee982f05d3a5aff4d638390') in 0.032886 seconds 
  Import took 0.043154 seconds .

========================================================================
Received Import Request.
  Time since last request: 0.000353 seconds.
  path: Assets/AQUAS-Lite/Demo/Textures/Gravel_normal.jpg
  artifactKey: Guid(83aafc05457cf62498959bba131b4ee2) Importer(815301076,1909f56bfc062723c751e8b465ee728b)
Start importing Assets/AQUAS-Lite/Demo/Textures/Gravel_normal.jpg using Guid(83aafc05457cf62498959bba131b4ee2) Importer(815301076,1909f56bfc062723c751e8b465ee728b)  -> (artifact id: '0c78f0e4c8f142f96901e0b1c5915ef6') in 0.032826 seconds 
  Import took 0.037238 seconds .

========================================================================
Received Import Request.
  Time since last request: 0.000248 seconds.
  path: Assets/UnityAssets/FourEvilDragonsHP/Texture/DragonSoulEater/GreenHP.png
  artifactKey: Guid(017f8d11e173752489627e4b72684e41) Importer(815301076,1909f56bfc062723c751e8b465ee728b)
Start importing Assets/UnityAssets/FourEvilDragonsHP/Texture/DragonSoulEater/GreenHP.png using Guid(017f8d11e173752489627e4b72684e41) Importer(815301076,1909f56bfc062723c751e8b465ee728b)  -> (artifact id: '9f8923f9388718c5a405ba00d76dc9be') in 0.055246 seconds 
  Import took 0.058348 seconds .

========================================================================
Received Import Request.
  Time since last request: 0.000188 seconds.
  path: Assets/UnityAssets/FourEvilDragonsHP/Texture/DragonNightmare/GreenHP.png
  artifactKey: Guid(9dba242174cb8a2479a67b286bf5a92c) Importer(815301076,1909f56bfc062723c751e8b465ee728b)
Start importing Assets/UnityAssets/FourEvilDragonsHP/Texture/DragonNightmare/GreenHP.png using Guid(9dba242174cb8a2479a67b286bf5a92c) Importer(815301076,1909f56bfc062723c751e8b465ee728b)  -> (artifact id: '6f001beaed989d0b9b053f1fd9656fe5') in 0.029735 seconds 
  Import took 0.034897 seconds .

========================================================================
Received Import Request.
  Time since last request: 0.000343 seconds.
  path: Assets/UnityAssets/PyroParticles/Demo/Ground-Diffuse.jpg
  artifactKey: Guid(75c7e8672f334a14fa6992e32d7368ec) Importer(815301076,1909f56bfc062723c751e8b465ee728b)
Start importing Assets/UnityAssets/PyroParticles/Demo/Ground-Diffuse.jpg using Guid(75c7e8672f334a14fa6992e32d7368ec) Importer(815301076,1909f56bfc062723c751e8b465ee728b)  -> (artifact id: '1d4768093f29185bd3bbda33fe0432fe') in 0.033016 seconds 
  Import took 0.036977 seconds .

========================================================================
Received Import Request.
  Time since last request: 0.000191 seconds.
  path: Assets/UnityAssets/FourEvilDragonsHP/Texture/DragonUsurper/GreenHP.png
  artifactKey: Guid(7a1f130c4e7de554bb8a7f12d6a06ff1) Importer(815301076,1909f56bfc062723c751e8b465ee728b)
Start importing Assets/UnityAssets/FourEvilDragonsHP/Texture/DragonUsurper/GreenHP.png using Guid(7a1f130c4e7de554bb8a7f12d6a06ff1) Importer(815301076,1909f56bfc062723c751e8b465ee728b)  -> (artifact id: 'd25cae739a004ad22fb557c80bf65381') in 0.029531 seconds 
  Import took 0.032722 seconds .

========================================================================
Received Import Request.
  Time since last request: 0.000222 seconds.
  path: Assets/AQUAS-Lite/Demo/Textures/Grass.jpg
  artifactKey: Guid(34429bd1432eead4281c991a7f86aec7) Importer(815301076,1909f56bfc062723c751e8b465ee728b)
Start importing Assets/AQUAS-Lite/Demo/Textures/Grass.jpg using Guid(34429bd1432eead4281c991a7f86aec7) Importer(815301076,1909f56bfc062723c751e8b465ee728b)  -> (artifact id: 'd528f548344f7e4cf4c52dd6993002d9') in 0.023674 seconds 
  Import took 0.027028 seconds .

========================================================================
Received Import Request.
  Time since last request: 0.000284 seconds.
  path: Assets/AQUAS-Lite/Demo/Textures/Gravel.jpg
  artifactKey: Guid(fe4e2613219b2654c82dd59079667fe6) Importer(815301076,1909f56bfc062723c751e8b465ee728b)
Start importing Assets/AQUAS-Lite/Demo/Textures/Gravel.jpg using Guid(fe4e2613219b2654c82dd59079667fe6) Importer(815301076,1909f56bfc062723c751e8b465ee728b)  -> (artifact id: '642273ec90d0dd594415d9335541b80a') in 0.033405 seconds 
  Import took 0.036528 seconds .

========================================================================
Received Import Request.
  Time since last request: 0.000190 seconds.
  path: Assets/UnityAssets/FourEvilDragonsHP/Texture/DragonSoulEater/GreyHP.png
  artifactKey: Guid(cccba017d3327554eb393b69a5434097) Importer(815301076,1909f56bfc062723c751e8b465ee728b)
Start importing Assets/UnityAssets/FourEvilDragonsHP/Texture/DragonSoulEater/GreyHP.png using Guid(cccba017d3327554eb393b69a5434097) Importer(815301076,1909f56bfc062723c751e8b465ee728b)  -> (artifact id: '5688b37c74e8a5737cd042a4e50c9374') in 0.037542 seconds 
  Import took 0.042852 seconds .

========================================================================
Received Import Request.
  Time since last request: 0.000244 seconds.
  path: Assets/UnityAssets/FourEvilDragonsHP/Texture/DragonTerrorBringer/GreenHP.png
  artifactKey: Guid(4ef9c4d0fc5de6a47a24a3f2185af46b) Importer(815301076,1909f56bfc062723c751e8b465ee728b)
Start importing Assets/UnityAssets/FourEvilDragonsHP/Texture/DragonTerrorBringer/GreenHP.png using Guid(4ef9c4d0fc5de6a47a24a3f2185af46b) Importer(815301076,1909f56bfc062723c751e8b465ee728b)  -> (artifact id: '6c3f1ff753fc2aa25429d2193addb44e') in 0.025564 seconds 
  Import took 0.029562 seconds .

========================================================================
Received Import Request.
  Time since last request: 0.000195 seconds.
  path: Assets/UnityAssets/PyroParticles/Prefab/Textures/FireParticleTorchSheetTexture.png
  artifactKey: Guid(b8806de4c8fb70c448a30fe7b61175b3) Importer(815301076,1909f56bfc062723c751e8b465ee728b)
Start importing Assets/UnityAssets/PyroParticles/Prefab/Textures/FireParticleTorchSheetTexture.png using Guid(b8806de4c8fb70c448a30fe7b61175b3) Importer(815301076,1909f56bfc062723c751e8b465ee728b)  -> (artifact id: 'af4945437a5b390a8b74708ae7cc4a6b') in 0.026316 seconds 
  Import took 0.029868 seconds .

========================================================================
Received Import Request.
  Time since last request: 0.000060 seconds.
  path: Assets/AQUAS-Lite/Demo/Textures/Grass_normal.jpg
  artifactKey: Guid(90b846a0f2d470248a7f4e706a1ef73a) Importer(815301076,1909f56bfc062723c751e8b465ee728b)
Start importing Assets/AQUAS-Lite/Demo/Textures/Grass_normal.jpg using Guid(90b846a0f2d470248a7f4e706a1ef73a) Importer(815301076,1909f56bfc062723c751e8b465ee728b)  -> (artifact id: '805ffb8bbaab147aedd0cf185d2d398b') in 0.027914 seconds 
  Import took 0.032166 seconds .

========================================================================
Received Import Request.
  Time since last request: 0.020976 seconds.
  path: Assets/UnityAssets/PyroParticles/Demo/Ground-Normal.jpg
  artifactKey: Guid(20e7919d92daa814ab85b18ce67de8ca) Importer(815301076,1909f56bfc062723c751e8b465ee728b)
Start importing Assets/UnityAssets/PyroParticles/Demo/Ground-Normal.jpg using Guid(20e7919d92daa814ab85b18ce67de8ca) Importer(815301076,1909f56bfc062723c751e8b465ee728b)  -> (artifact id: '49b76dab85ea2c18f364d735bf314061') in 0.028524 seconds 
  Import took 0.031921 seconds .

========================================================================
Received Import Request.
  Time since last request: 0.000171 seconds.
  path: Assets/ADG_Textures/ground_vol1/ground2/ground2_Height.tga
  artifactKey: Guid(cb74fa1f447a9ed4baf1d1bce2326844) Importer(815301076,1909f56bfc062723c751e8b465ee728b)
Start importing Assets/ADG_Textures/ground_vol1/ground2/ground2_Height.tga using Guid(cb74fa1f447a9ed4baf1d1bce2326844) Importer(815301076,1909f56bfc062723c751e8b465ee728b)  -> (artifact id: 'ab091ccc830c99b7657c953531338987') in 0.026056 seconds 
  Import took 0.034521 seconds .

========================================================================
Received Import Request.
  Time since last request: 0.000080 seconds.
  path: Assets/ADG_Textures/ground_vol1/ground2/ground2_Metallic.tga
  artifactKey: Guid(05ec23c4c1d2ad54eaebfd0bf25af051) Importer(815301076,1909f56bfc062723c751e8b465ee728b)
Start importing Assets/ADG_Textures/ground_vol1/ground2/ground2_Metallic.tga using Guid(05ec23c4c1d2ad54eaebfd0bf25af051) Importer(815301076,1909f56bfc062723c751e8b465ee728b)  -> (artifact id: 'dbc0332489941e6a1df058e2c3bf2ad7') in 0.042382 seconds 
  Import took 0.048430 seconds .

========================================================================
Received Import Request.
  Time since last request: 0.000195 seconds.
  path: Assets/ADG_Textures/ground_vol1/ground3/ground3_Ambient_Occlusion.tga
  artifactKey: Guid(ffe490c725fffcb479786a6e534250b9) Importer(815301076,1909f56bfc062723c751e8b465ee728b)
Start importing Assets/ADG_Textures/ground_vol1/ground3/ground3_Ambient_Occlusion.tga using Guid(ffe490c725fffcb479786a6e534250b9) Importer(815301076,1909f56bfc062723c751e8b465ee728b)  -> (artifact id: 'f0b5b1370bd9a415df0d74811b3ee168') in 0.034345 seconds 
  Import took 0.038062 seconds .

========================================================================
Received Import Request.
  Time since last request: 0.000193 seconds.
  path: Assets/ADG_Textures/ground_vol1/ground2/ground2_Ambient_Occlusion.tga
  artifactKey: Guid(cbfdc0c455424e84c94f238e9b9382ec) Importer(815301076,1909f56bfc062723c751e8b465ee728b)
Start importing Assets/ADG_Textures/ground_vol1/ground2/ground2_Ambient_Occlusion.tga using Guid(cbfdc0c455424e84c94f238e9b9382ec) Importer(815301076,1909f56bfc062723c751e8b465ee728b)  -> (artifact id: '9d28ee449aec9c41bfcc83ef020a0e1d') in 0.036776 seconds 
  Import took 0.040999 seconds .

========================================================================
Received Import Request.
  Time since last request: 0.000181 seconds.
  path: Assets/ADG_Textures/ground_vol1/ground1/ground1_Height.tga
  artifactKey: Guid(2a92ec3b24546c447ae2a5f5da6f3db8) Importer(815301076,1909f56bfc062723c751e8b465ee728b)
Start importing Assets/ADG_Textures/ground_vol1/ground1/ground1_Height.tga using Guid(2a92ec3b24546c447ae2a5f5da6f3db8) Importer(815301076,1909f56bfc062723c751e8b465ee728b)  -> (artifact id: '4f28d2e07e367963c92b66998c6bac15') in 0.025511 seconds 
  Import took 0.029436 seconds .

========================================================================
Received Import Request.
  Time since last request: 0.000187 seconds.
  path: Assets/ADG_Textures/ground_vol1/ground1/ground1_Ambient_Occlusion.tga
  artifactKey: Guid(c1bc467cfaaedf540b3910d72cb62cb8) Importer(815301076,1909f56bfc062723c751e8b465ee728b)
Start importing Assets/ADG_Textures/ground_vol1/ground1/ground1_Ambient_Occlusion.tga using Guid(c1bc467cfaaedf540b3910d72cb62cb8) Importer(815301076,1909f56bfc062723c751e8b465ee728b)  -> (artifact id: '3bc817d4a30612466fcea92b46e9c535') in 0.028279 seconds 
  Import took 0.032200 seconds .

========================================================================
Received Import Request.
  Time since last request: 0.809627 seconds.
  path: Assets/ADG_Textures/ground_vol1/ground3/ground3_Diffuse.tga
  artifactKey: Guid(c454ab598058d19449addc55a13cc73a) Importer(815301076,1909f56bfc062723c751e8b465ee728b)
Start importing Assets/ADG_Textures/ground_vol1/ground3/ground3_Diffuse.tga using Guid(c454ab598058d19449addc55a13cc73a) Importer(815301076,1909f56bfc062723c751e8b465ee728b)  -> (artifact id: '687b79510474dd040a3bcfaecfb2db17') in 0.034608 seconds 
  Import took 0.044200 seconds .

========================================================================
Received Import Request.
  Time since last request: 0.000280 seconds.
  path: Assets/ADG_Textures/ground_vol1/ground4/ground4_Metallic.tga
  artifactKey: Guid(fb1c850a227a62544b63c6626cfa8ba8) Importer(815301076,1909f56bfc062723c751e8b465ee728b)
Start importing Assets/ADG_Textures/ground_vol1/ground4/ground4_Metallic.tga using Guid(fb1c850a227a62544b63c6626cfa8ba8) Importer(815301076,1909f56bfc062723c751e8b465ee728b)  -> (artifact id: '94c569c7462d706c25af60d66031c0c0') in 0.039950 seconds 
  Import took 0.042651 seconds .

========================================================================
Received Import Request.
  Time since last request: 0.000295 seconds.
  path: Assets/ADG_Textures/ground_vol1/ground4/ground4_Height.tga
  artifactKey: Guid(3397c7f4a7562e546bcfc9faa71e1659) Importer(815301076,1909f56bfc062723c751e8b465ee728b)
Start importing Assets/ADG_Textures/ground_vol1/ground4/ground4_Height.tga using Guid(3397c7f4a7562e546bcfc9faa71e1659) Importer(815301076,1909f56bfc062723c751e8b465ee728b)  -> (artifact id: '3c52e28f0f844ec72d3dd0e5a12fdfac') in 0.039796 seconds 
  Import took 0.044220 seconds .

========================================================================
Received Import Request.
  Time since last request: 0.000323 seconds.
  path: Assets/ADG_Textures/ground_vol1/ground3/ground3_Metallic.tga
  artifactKey: Guid(a55658d42f533714ebdf91ad5706ee74) Importer(815301076,1909f56bfc062723c751e8b465ee728b)
Start importing Assets/ADG_Textures/ground_vol1/ground3/ground3_Metallic.tga using Guid(a55658d42f533714ebdf91ad5706ee74) Importer(815301076,1909f56bfc062723c751e8b465ee728b)  -> (artifact id: 'f29dac530a8d87219fbc120774fa7d35') in 0.029563 seconds 
  Import took 0.034598 seconds .

========================================================================
Received Import Request.
  Time since last request: 0.000061 seconds.
  path: Assets/ADG_Textures/ground_vol1/ground4/ground4_Diffuse.tga
  artifactKey: Guid(9875bf7345d4ac04ab35f3b9ed63a954) Importer(815301076,1909f56bfc062723c751e8b465ee728b)
Start importing Assets/ADG_Textures/ground_vol1/ground4/ground4_Diffuse.tga using Guid(9875bf7345d4ac04ab35f3b9ed63a954) Importer(815301076,1909f56bfc062723c751e8b465ee728b)  -> (artifact id: 'fd19e6463916c1434f1a3fe62ce231b8') in 0.030988 seconds 
  Import took 0.034400 seconds .

========================================================================
Received Import Request.
  Time since last request: 0.000243 seconds.
  path: Assets/ADG_Textures/ground_vol1/ground4/ground4_Ambient_Occlusion.tga
  artifactKey: Guid(1626b1dd9f03a1a4d87b2440d41208a8) Importer(815301076,1909f56bfc062723c751e8b465ee728b)
Start importing Assets/ADG_Textures/ground_vol1/ground4/ground4_Ambient_Occlusion.tga using Guid(1626b1dd9f03a1a4d87b2440d41208a8) Importer(815301076,1909f56bfc062723c751e8b465ee728b)  -> (artifact id: '643fa91a0b4916b981328a86f97bf9cf') in 0.024234 seconds 
  Import took 0.027749 seconds .

========================================================================
Received Import Request.
  Time since last request: 0.551974 seconds.
  path: Assets/ADG_Textures/ground_vol1/ground4/ground4_Normal.tga
  artifactKey: Guid(6711a6f408dca5b41b938ec249d8d444) Importer(815301076,1909f56bfc062723c751e8b465ee728b)
Start importing Assets/ADG_Textures/ground_vol1/ground4/ground4_Normal.tga using Guid(6711a6f408dca5b41b938ec249d8d444) Importer(815301076,1909f56bfc062723c751e8b465ee728b)  -> (artifact id: '392edfcda355cc8f1ac50ddf5bce6ef3') in 0.037163 seconds 
  Import took 0.045692 seconds .

========================================================================
Received Import Request.
  Time since last request: 0.000316 seconds.
  path: Assets/ADG_Textures/ground_vol1/ground5/ground5_Diffuse.tga
  artifactKey: Guid(216e2729631e003468211108545a08f1) Importer(815301076,1909f56bfc062723c751e8b465ee728b)
Start importing Assets/ADG_Textures/ground_vol1/ground5/ground5_Diffuse.tga using Guid(216e2729631e003468211108545a08f1) Importer(815301076,1909f56bfc062723c751e8b465ee728b)  -> (artifact id: '849ea2e0b835edfd571b4205e5243ab6') in 0.042239 seconds 
  Import took 0.045821 seconds .

========================================================================
Received Import Request.
  Time since last request: 0.000261 seconds.
  path: Assets/ADG_Textures/ground_vol1/ground5/ground5_Height.tga
  artifactKey: Guid(60541731a16ad774bb3be1de36aa592f) Importer(815301076,1909f56bfc062723c751e8b465ee728b)
Start importing Assets/ADG_Textures/ground_vol1/ground5/ground5_Height.tga using Guid(60541731a16ad774bb3be1de36aa592f) Importer(815301076,1909f56bfc062723c751e8b465ee728b)  -> (artifact id: 'da2e70310d3f8d769dd710f835d170ba') in 0.034389 seconds 
  Import took 0.039369 seconds .

========================================================================
Received Import Request.
  Time since last request: 0.000296 seconds.
  path: Assets/ADG_Textures/ground_vol1/ground5/ground5_Ambient_Occlusion.tga
  artifactKey: Guid(03e262b3b2775504b8e1534cce498347) Importer(815301076,1909f56bfc062723c751e8b465ee728b)
Start importing Assets/ADG_Textures/ground_vol1/ground5/ground5_Ambient_Occlusion.tga using Guid(03e262b3b2775504b8e1534cce498347) Importer(815301076,1909f56bfc062723c751e8b465ee728b)  -> (artifact id: '9c9db1f111cd3c7068b985db60781b1f') in 0.035824 seconds 
  Import took 0.039395 seconds .

========================================================================
Received Prepare
Shader 'Custom/AdditiveTintable': fallback shader 'Particles/Additive (Soft)' not found
Refreshing native plugins compatible for Editor in 3.01 ms, found 2 plugins.
Preloading 0 native plugins for Editor in 0.00 ms.
Unloading 12 Unused Serialized files (Serialized files now loaded: 0)
System memory in use before: 59.9 MB.
System memory in use after: 60.0 MB.

Unloading 12 unused Assets to reduce memory usage. Loaded Objects now: 2145.
Total: 3.780900 ms (FindLiveObjects: 0.152500 ms CreateObjectMapping: 0.055500 ms MarkObjects: 3.550400 ms  DeleteObjects: 0.021000 ms)

AssetImportParameters requested are different than current active one (requested -> active):
  custom:framework-win-MediaFoundation: 216162199b28c13a410421893ffa2e32 -> 
  custom:video-decoder-ogg-theora: a1e56fd34408186e4bbccfd4996cb3dc -> 
  custom:container-muxer-webm: aa71ff27fc2769a1b78a27578f13a17b -> 
  custom:container-demuxer-webm: 4f35f7cbe854078d1ac9338744f61a02 -> 
  custom:container-demuxer-ogg: 62fdf1f143b41e24485cea50d1cbac27 -> 
  custom:video-encoder-webm-vp8: eb34c28f22e8b96e1ab97ce403110664 -> 
  custom:video-decoder-webm-vp8: 9c59270c3fd7afecdb556c50c9e8de78 -> 
  custom:audio-decoder-ogg-vorbis: bf7c407c2cedff20999df2af8eb42d56 -> 
  custom:audio-encoder-webm-vorbis: bf7c407c2cedff20999df2af8eb42d56 -> 
========================================================================
Received Import Request.
  Time since last request: 60.542626 seconds.
  path: Assets/ADG_Textures/ground_vol1/ground5/ground5_Metallic.tga
  artifactKey: Guid(8d63b7caa4e75dd4aa5e84f4b97befa6) Importer(815301076,1909f56bfc062723c751e8b465ee728b)
Start importing Assets/ADG_Textures/ground_vol1/ground5/ground5_Metallic.tga using Guid(8d63b7caa4e75dd4aa5e84f4b97befa6) Importer(815301076,1909f56bfc062723c751e8b465ee728b)  -> (artifact id: 'a37e51cf1659fd2140f012fcad3a7448') in 0.045923 seconds 
  Import took 0.051834 seconds .

========================================================================
Received Import Request.
  Time since last request: 0.000319 seconds.
  path: Assets/ADG_Textures/ground_vol1/ground5/ground5_Normal.tga
  artifactKey: Guid(219386670151bc542a3b2fd69819e13e) Importer(815301076,1909f56bfc062723c751e8b465ee728b)
Start importing Assets/ADG_Textures/ground_vol1/ground5/ground5_Normal.tga using Guid(219386670151bc542a3b2fd69819e13e) Importer(815301076,1909f56bfc062723c751e8b465ee728b)  -> (artifact id: 'eec12b76a6060ac36b1a0442a5ff5148') in 0.051879 seconds 
  Import took 0.055244 seconds .

========================================================================
Received Import Request.
  Time since last request: 0.000323 seconds.
  path: Assets/ADG_Textures/ground_vol1/ground6/ground6_Ambient_Occlusion.tga
  artifactKey: Guid(ebd3d1a8771ae20409976ac604480143) Importer(815301076,1909f56bfc062723c751e8b465ee728b)
Start importing Assets/ADG_Textures/ground_vol1/ground6/ground6_Ambient_Occlusion.tga using Guid(ebd3d1a8771ae20409976ac604480143) Importer(815301076,1909f56bfc062723c751e8b465ee728b)  -> (artifact id: 'f14afde4cb8b93134e1b2656263e3038') in 0.045052 seconds 
  Import took 0.048194 seconds .

========================================================================
Received Prepare
Registering precompiled user dll's ...
Registered in 0.004926 seconds.
Begin MonoManager ReloadAssembly
Native extension for WindowsStandalone target not found
Refreshing native plugins compatible for Editor in 0.76 ms, found 2 plugins.
Preloading 0 native plugins for Editor in 0.00 ms.
Mono: successfully reloaded assembly
- Completed reload, in  1.273 seconds
Domain Reload Profiling:
	ReloadAssembly (1274ms)
		BeginReloadAssembly (128ms)
			ExecutionOrderSort (0ms)
			DisableScriptedObjects (6ms)
			BackupInstance (0ms)
			ReleaseScriptingObjects (0ms)
			CreateAndSetChildDomain (39ms)
		EndReloadAssembly (1067ms)
			LoadAssemblies (102ms)
			RebuildTransferFunctionScriptingTraits (0ms)
			SetupTypeCache (334ms)
			ReleaseScriptCaches (1ms)
			RebuildScriptCaches (74ms)
			SetupLoadedEditorAssemblies (428ms)
				LogAssemblyErrors (0ms)
				InitializePlatformSupportModulesInManaged (6ms)
				SetLoadedEditorAssemblies (1ms)
				RefreshPlugins (1ms)
				BeforeProcessingInitializeOnLoad (141ms)
				ProcessInitializeOnLoadAttributes (262ms)
				ProcessInitializeOnLoadMethodAttributes (10ms)
				AfterProcessingInitializeOnLoad (7ms)
				EditorAssembliesLoaded (0ms)
			ExecutionOrderSort2 (0ms)
			AwakeInstancesAfterBackupRestoration (7ms)
Platform modules already initialized, skipping
Shader 'Custom/AdditiveTintable': fallback shader 'Particles/Additive (Soft)' not found
Refreshing native plugins compatible for Editor in 0.45 ms, found 2 plugins.
Preloading 0 native plugins for Editor in 0.00 ms.
Unloading 1663 Unused Serialized files (Serialized files now loaded: 0)
System memory in use before: 92.6 MB.
System memory in use after: 92.7 MB.

Unloading 15 unused Assets to reduce memory usage. Loaded Objects now: 2147.
Total: 2.682600 ms (FindLiveObjects: 0.167000 ms CreateObjectMapping: 0.059800 ms MarkObjects: 2.425600 ms  DeleteObjects: 0.029200 ms)

AssetImportParameters requested are different than current active one (requested -> active):
  custom:framework-win-MediaFoundation: 216162199b28c13a410421893ffa2e32 -> 
  custom:video-decoder-ogg-theora: a1e56fd34408186e4bbccfd4996cb3dc -> 
  custom:container-muxer-webm: aa71ff27fc2769a1b78a27578f13a17b -> 
  custom:container-demuxer-webm: 4f35f7cbe854078d1ac9338744f61a02 -> 
  custom:container-demuxer-ogg: 62fdf1f143b41e24485cea50d1cbac27 -> 
  custom:video-encoder-webm-vp8: eb34c28f22e8b96e1ab97ce403110664 -> 
  custom:video-decoder-webm-vp8: 9c59270c3fd7afecdb556c50c9e8de78 -> 
  custom:audio-decoder-ogg-vorbis: bf7c407c2cedff20999df2af8eb42d56 -> 
  custom:audio-encoder-webm-vorbis: bf7c407c2cedff20999df2af8eb42d56 -> 
========================================================================
Received Prepare
Registering precompiled user dll's ...
Registered in 0.004283 seconds.
Begin MonoManager ReloadAssembly
Native extension for WindowsStandalone target not found
Refreshing native plugins compatible for Editor in 0.53 ms, found 2 plugins.
Preloading 0 native plugins for Editor in 0.00 ms.
Mono: successfully reloaded assembly
- Completed reload, in  1.288 seconds
Domain Reload Profiling:
	ReloadAssembly (1288ms)
		BeginReloadAssembly (126ms)
			ExecutionOrderSort (0ms)
			DisableScriptedObjects (6ms)
			BackupInstance (0ms)
			ReleaseScriptingObjects (0ms)
			CreateAndSetChildDomain (35ms)
		EndReloadAssembly (1089ms)
			LoadAssemblies (99ms)
			RebuildTransferFunctionScriptingTraits (0ms)
			SetupTypeCache (340ms)
			ReleaseScriptCaches (1ms)
			RebuildScriptCaches (62ms)
			SetupLoadedEditorAssemblies (459ms)
				LogAssemblyErrors (0ms)
				InitializePlatformSupportModulesInManaged (6ms)
				SetLoadedEditorAssemblies (1ms)
				RefreshPlugins (1ms)
				BeforeProcessingInitializeOnLoad (123ms)
				ProcessInitializeOnLoadAttributes (300ms)
				ProcessInitializeOnLoadMethodAttributes (19ms)
				AfterProcessingInitializeOnLoad (9ms)
				EditorAssembliesLoaded (0ms)
			ExecutionOrderSort2 (0ms)
			AwakeInstancesAfterBackupRestoration (8ms)
Platform modules already initialized, skipping
Shader 'Custom/AdditiveTintable': fallback shader 'Particles/Additive (Soft)' not found
Refreshing native plugins compatible for Editor in 0.47 ms, found 2 plugins.
Preloading 0 native plugins for Editor in 0.00 ms.
Unloading 1663 Unused Serialized files (Serialized files now loaded: 0)
System memory in use before: 92.6 MB.
System memory in use after: 92.7 MB.

Unloading 15 unused Assets to reduce memory usage. Loaded Objects now: 2149.
Total: 2.979900 ms (FindLiveObjects: 0.189200 ms CreateObjectMapping: 0.071900 ms MarkObjects: 2.694800 ms  DeleteObjects: 0.022400 ms)

AssetImportParameters requested are different than current active one (requested -> active):
  custom:framework-win-MediaFoundation: 216162199b28c13a410421893ffa2e32 -> 
  custom:video-decoder-ogg-theora: a1e56fd34408186e4bbccfd4996cb3dc -> 
  custom:container-muxer-webm: aa71ff27fc2769a1b78a27578f13a17b -> 
  custom:container-demuxer-webm: 4f35f7cbe854078d1ac9338744f61a02 -> 
  custom:container-demuxer-ogg: 62fdf1f143b41e24485cea50d1cbac27 -> 
  custom:video-encoder-webm-vp8: eb34c28f22e8b96e1ab97ce403110664 -> 
  custom:video-decoder-webm-vp8: 9c59270c3fd7afecdb556c50c9e8de78 -> 
  custom:audio-decoder-ogg-vorbis: bf7c407c2cedff20999df2af8eb42d56 -> 
  custom:audio-encoder-webm-vorbis: bf7c407c2cedff20999df2af8eb42d56 -> 
========================================================================
Received Import Request.
  Time since last request: 231.649080 seconds.
  path: Assets/Scripts/GenerateTerrain.cs
  artifactKey: Guid(4948a241066e5874fbdb1a395b654026) Importer(815301076,1909f56bfc062723c751e8b465ee728b)
Start importing Assets/Scripts/GenerateTerrain.cs using Guid(4948a241066e5874fbdb1a395b654026) Importer(815301076,1909f56bfc062723c751e8b465ee728b)  -> (artifact id: '8f686171c936f7b00bfb6a9186388b94') in 0.009751 seconds 
  Import took 0.013032 seconds .

========================================================================
Received Import Request.
  Time since last request: 17.952919 seconds.
  path: Assets/Scripts/GenerateTerrain.cs
  artifactKey: Guid(4948a241066e5874fbdb1a395b654026) Importer(815301076,1909f56bfc062723c751e8b465ee728b)
Start importing Assets/Scripts/GenerateTerrain.cs using Guid(4948a241066e5874fbdb1a395b654026) Importer(815301076,1909f56bfc062723c751e8b465ee728b)  -> (artifact id: '1ef091e1c384709b7f072a32393102eb') in 0.007942 seconds 
  Import took 0.012546 seconds .

========================================================================
Received Prepare
Registering precompiled user dll's ...
Registered in 0.004843 seconds.
Begin MonoManager ReloadAssembly
Native extension for WindowsStandalone target not found
Refreshing native plugins compatible for Editor in 1.05 ms, found 2 plugins.
Preloading 0 native plugins for Editor in 0.00 ms.
Mono: successfully reloaded assembly
- Completed reload, in  5.905 seconds
Domain Reload Profiling:
	ReloadAssembly (5906ms)
		BeginReloadAssembly (191ms)
			ExecutionOrderSort (0ms)
			DisableScriptedObjects (6ms)
			BackupInstance (0ms)
			ReleaseScriptingObjects (0ms)
			CreateAndSetChildDomain (67ms)
		EndReloadAssembly (5553ms)
			LoadAssemblies (144ms)
			RebuildTransferFunctionScriptingTraits (0ms)
			SetupTypeCache (3150ms)
			ReleaseScriptCaches (1ms)
			RebuildScriptCaches (277ms)
			SetupLoadedEditorAssemblies (512ms)
				LogAssemblyErrors (0ms)
				InitializePlatformSupportModulesInManaged (6ms)
				SetLoadedEditorAssemblies (1ms)
				RefreshPlugins (1ms)
				BeforeProcessingInitializeOnLoad (139ms)
				ProcessInitializeOnLoadAttributes (339ms)
				ProcessInitializeOnLoadMethodAttributes (15ms)
				AfterProcessingInitializeOnLoad (11ms)
				EditorAssembliesLoaded (1ms)
			ExecutionOrderSort2 (0ms)
			AwakeInstancesAfterBackupRestoration (15ms)
Platform modules already initialized, skipping
Shader 'Custom/AdditiveTintable': fallback shader 'Particles/Additive (Soft)' not found
Refreshing native plugins compatible for Editor in 0.44 ms, found 2 plugins.
Preloading 0 native plugins for Editor in 0.00 ms.
Unloading 1663 Unused Serialized files (Serialized files now loaded: 0)
System memory in use before: 92.6 MB.
System memory in use after: 92.7 MB.

Unloading 15 unused Assets to reduce memory usage. Loaded Objects now: 2151.
Total: 3.405500 ms (FindLiveObjects: 0.287600 ms CreateObjectMapping: 0.072600 ms MarkObjects: 3.019700 ms  DeleteObjects: 0.022100 ms)

AssetImportParameters requested are different than current active one (requested -> active):
  custom:framework-win-MediaFoundation: 216162199b28c13a410421893ffa2e32 -> 
  custom:video-decoder-ogg-theora: a1e56fd34408186e4bbccfd4996cb3dc -> 
  custom:container-muxer-webm: aa71ff27fc2769a1b78a27578f13a17b -> 
  custom:container-demuxer-webm: 4f35f7cbe854078d1ac9338744f61a02 -> 
  custom:container-demuxer-ogg: 62fdf1f143b41e24485cea50d1cbac27 -> 
  custom:video-encoder-webm-vp8: eb34c28f22e8b96e1ab97ce403110664 -> 
  custom:video-decoder-webm-vp8: 9c59270c3fd7afecdb556c50c9e8de78 -> 
  custom:audio-decoder-ogg-vorbis: bf7c407c2cedff20999df2af8eb42d56 -> 
  custom:audio-encoder-webm-vorbis: bf7c407c2cedff20999df2af8eb42d56 -> 
========================================================================
Received Prepare
Registering precompiled user dll's ...
Registered in 0.005623 seconds.
Begin MonoManager ReloadAssembly
Native extension for WindowsStandalone target not found
Refreshing native plugins compatible for Editor in 0.84 ms, found 2 plugins.
Preloading 0 native plugins for Editor in 0.00 ms.
Mono: successfully reloaded assembly
- Completed reload, in  1.993 seconds
Domain Reload Profiling:
	ReloadAssembly (1994ms)
		BeginReloadAssembly (150ms)
			ExecutionOrderSort (0ms)
			DisableScriptedObjects (6ms)
			BackupInstance (0ms)
			ReleaseScriptingObjects (0ms)
			CreateAndSetChildDomain (47ms)
		EndReloadAssembly (1767ms)
			LoadAssemblies (114ms)
			RebuildTransferFunctionScriptingTraits (0ms)
			SetupTypeCache (610ms)
			ReleaseScriptCaches (1ms)
			RebuildScriptCaches (203ms)
			SetupLoadedEditorAssemblies (533ms)
				LogAssemblyErrors (0ms)
				InitializePlatformSupportModulesInManaged (8ms)
				SetLoadedEditorAssemblies (1ms)
				RefreshPlugins (1ms)
				BeforeProcessingInitializeOnLoad (119ms)
				ProcessInitializeOnLoadAttributes (385ms)
				ProcessInitializeOnLoadMethodAttributes (11ms)
				AfterProcessingInitializeOnLoad (7ms)
				EditorAssembliesLoaded (1ms)
			ExecutionOrderSort2 (0ms)
			AwakeInstancesAfterBackupRestoration (7ms)
Platform modules already initialized, skipping
Shader 'Custom/AdditiveTintable': fallback shader 'Particles/Additive (Soft)' not found
Refreshing native plugins compatible for Editor in 0.38 ms, found 2 plugins.
Preloading 0 native plugins for Editor in 0.00 ms.
Unloading 1663 Unused Serialized files (Serialized files now loaded: 0)
System memory in use before: 92.6 MB.
System memory in use after: 92.8 MB.

Unloading 15 unused Assets to reduce memory usage. Loaded Objects now: 2153.
Total: 2.570200 ms (FindLiveObjects: 0.157900 ms CreateObjectMapping: 0.051800 ms MarkObjects: 2.344100 ms  DeleteObjects: 0.015300 ms)

AssetImportParameters requested are different than current active one (requested -> active):
  custom:framework-win-MediaFoundation: 216162199b28c13a410421893ffa2e32 -> 
  custom:video-decoder-ogg-theora: a1e56fd34408186e4bbccfd4996cb3dc -> 
  custom:container-muxer-webm: aa71ff27fc2769a1b78a27578f13a17b -> 
  custom:container-demuxer-webm: 4f35f7cbe854078d1ac9338744f61a02 -> 
  custom:container-demuxer-ogg: 62fdf1f143b41e24485cea50d1cbac27 -> 
  custom:video-encoder-webm-vp8: eb34c28f22e8b96e1ab97ce403110664 -> 
  custom:video-decoder-webm-vp8: 9c59270c3fd7afecdb556c50c9e8de78 -> 
  custom:audio-decoder-ogg-vorbis: bf7c407c2cedff20999df2af8eb42d56 -> 
  custom:audio-encoder-webm-vorbis: bf7c407c2cedff20999df2af8eb42d56 -> 
AssetImportWorkerClient::OnTransportError - code=2 error=End of file
